<?xml version="1.0" encoding="UTF-8"?>
<!-- Generated by org.testng.reporters.JUnitReportReporter -->
<testsuite hostname="DESKTOP-E21QBCL" failures="0" tests="1" name="seleniumTestNgPrograms.FirstTestNgEx" time="0.005" errors="0" timestamp="2022-09-07T10:33:45 IST" skipped="0">
  <testcase classname="seleniumTestNgPrograms.FirstTestNgEx" name="f" time="0.005"/>
  <system-out/>
</testsuite> <!-- seleniumTestNgPrograms.FirstTestNgEx -->
